/home/srihari/mcav_ws/install/ros2_tutorial/lib/python3.8/site-packages/ros2_tutorial/__init__.py
/home/srihari/mcav_ws/install/ros2_tutorial/lib/python3.8/site-packages/ros2_tutorial/control_node.py
/home/srihari/mcav_ws/install/ros2_tutorial/lib/python3.8/site-packages/ros2_tutorial/advance_breaking.py
/home/srihari/mcav_ws/install/ros2_tutorial/lib/python3.8/site-packages/ros2_tutorial/sense.py
/home/srihari/mcav_ws/install/ros2_tutorial/lib/python3.8/site-packages/ros2_tutorial/__pycache__/__init__.cpython-38.pyc
/home/srihari/mcav_ws/install/ros2_tutorial/lib/python3.8/site-packages/ros2_tutorial/__pycache__/control_node.cpython-38.pyc
/home/srihari/mcav_ws/install/ros2_tutorial/lib/python3.8/site-packages/ros2_tutorial/__pycache__/advance_breaking.cpython-38.pyc
/home/srihari/mcav_ws/install/ros2_tutorial/lib/python3.8/site-packages/ros2_tutorial/__pycache__/sense.cpython-38.pyc
/home/srihari/mcav_ws/install/ros2_tutorial/share/ament_index/resource_index/packages/ros2_tutorial
/home/srihari/mcav_ws/install/ros2_tutorial/share/ros2_tutorial/package.xml
/home/srihari/mcav_ws/install/ros2_tutorial/lib/python3.8/site-packages/ros2_tutorial-0.0.0-py3.8.egg-info/SOURCES.txt
/home/srihari/mcav_ws/install/ros2_tutorial/lib/python3.8/site-packages/ros2_tutorial-0.0.0-py3.8.egg-info/zip-safe
/home/srihari/mcav_ws/install/ros2_tutorial/lib/python3.8/site-packages/ros2_tutorial-0.0.0-py3.8.egg-info/entry_points.txt
/home/srihari/mcav_ws/install/ros2_tutorial/lib/python3.8/site-packages/ros2_tutorial-0.0.0-py3.8.egg-info/top_level.txt
/home/srihari/mcav_ws/install/ros2_tutorial/lib/python3.8/site-packages/ros2_tutorial-0.0.0-py3.8.egg-info/dependency_links.txt
/home/srihari/mcav_ws/install/ros2_tutorial/lib/python3.8/site-packages/ros2_tutorial-0.0.0-py3.8.egg-info/PKG-INFO
/home/srihari/mcav_ws/install/ros2_tutorial/lib/python3.8/site-packages/ros2_tutorial-0.0.0-py3.8.egg-info/requires.txt
/home/srihari/mcav_ws/install/ros2_tutorial/lib/ros2_tutorial/advance_breaking
/home/srihari/mcav_ws/install/ros2_tutorial/lib/ros2_tutorial/control_node
/home/srihari/mcav_ws/install/ros2_tutorial/lib/ros2_tutorial/sense
