[1.116s] Invoking command in '/home/srihari/mcav_ws/src/ros2_tutorial': PYTHONPATH=/home/srihari/mcav_ws/build/ros2_tutorial/prefix_override:/home/srihari/mcav_ws/install/ros2_tutorial/lib/python3.8/site-packages:${PYTHONPATH} /usr/bin/python3 setup.py egg_info --egg-base ../../build/ros2_tutorial build --build-base /home/srihari/mcav_ws/build/ros2_tutorial/build install --record /home/srihari/mcav_ws/build/ros2_tutorial/install.log --install-scripts $base/lib/ros2_tutorial --single-version-externally-managed
[1.243s] running egg_info
[1.243s] writing ../../build/ros2_tutorial/ros2_tutorial.egg-info/PKG-INFO
[1.244s] writing dependency_links to ../../build/ros2_tutorial/ros2_tutorial.egg-info/dependency_links.txt
[1.244s] writing entry points to ../../build/ros2_tutorial/ros2_tutorial.egg-info/entry_points.txt
[1.244s] writing requirements to ../../build/ros2_tutorial/ros2_tutorial.egg-info/requires.txt
[1.244s] writing top-level names to ../../build/ros2_tutorial/ros2_tutorial.egg-info/top_level.txt
[1.270s] reading manifest file '../../build/ros2_tutorial/ros2_tutorial.egg-info/SOURCES.txt'
[1.271s] writing manifest file '../../build/ros2_tutorial/ros2_tutorial.egg-info/SOURCES.txt'
[1.271s] running build
[1.271s] running build_py
[1.272s] running install
[1.273s] running install_lib
[1.274s] running install_data
[1.276s] running install_egg_info
[1.277s] removing '/home/srihari/mcav_ws/install/ros2_tutorial/lib/python3.8/site-packages/ros2_tutorial-0.0.0-py3.8.egg-info' (and everything under it)
[1.277s] Copying ../../build/ros2_tutorial/ros2_tutorial.egg-info to /home/srihari/mcav_ws/install/ros2_tutorial/lib/python3.8/site-packages/ros2_tutorial-0.0.0-py3.8.egg-info
[1.278s] running install_scripts
[1.288s] Installing advance_breaking script to /home/srihari/mcav_ws/install/ros2_tutorial/lib/ros2_tutorial
[1.288s] Installing control_node script to /home/srihari/mcav_ws/install/ros2_tutorial/lib/ros2_tutorial
[1.288s] Installing sense script to /home/srihari/mcav_ws/install/ros2_tutorial/lib/ros2_tutorial
[1.289s] writing list of installed files to '/home/srihari/mcav_ws/build/ros2_tutorial/install.log'
[1.300s] Invoked command in '/home/srihari/mcav_ws/src/ros2_tutorial' returned '0': PYTHONPATH=/home/srihari/mcav_ws/build/ros2_tutorial/prefix_override:/home/srihari/mcav_ws/install/ros2_tutorial/lib/python3.8/site-packages:${PYTHONPATH} /usr/bin/python3 setup.py egg_info --egg-base ../../build/ros2_tutorial build --build-base /home/srihari/mcav_ws/build/ros2_tutorial/build install --record /home/srihari/mcav_ws/build/ros2_tutorial/install.log --install-scripts $base/lib/ros2_tutorial --single-version-externally-managed
