[0.546s] Invoking command in '/home/srihari/mcav_ws/src/ros2_tutorial': PYTHONPATH=/home/srihari/mcav_ws/build/ros2_tutorial/prefix_override:/home/srihari/mcav_ws/install/ros2_tutorial/lib/python3.8/site-packages:${PYTHONPATH} /usr/bin/python3 setup.py egg_info --egg-base ../../build/ros2_tutorial build --build-base /home/srihari/mcav_ws/build/ros2_tutorial/build install --record /home/srihari/mcav_ws/build/ros2_tutorial/install.log --install-scripts $base/lib/ros2_tutorial --single-version-externally-managed
[0.708s] running egg_info
[0.708s] writing ../../build/ros2_tutorial/ros2_tutorial.egg-info/PKG-INFO
[0.709s] writing dependency_links to ../../build/ros2_tutorial/ros2_tutorial.egg-info/dependency_links.txt
[0.709s] writing entry points to ../../build/ros2_tutorial/ros2_tutorial.egg-info/entry_points.txt
[0.709s] writing requirements to ../../build/ros2_tutorial/ros2_tutorial.egg-info/requires.txt
[0.709s] writing top-level names to ../../build/ros2_tutorial/ros2_tutorial.egg-info/top_level.txt
[0.740s] reading manifest file '../../build/ros2_tutorial/ros2_tutorial.egg-info/SOURCES.txt'
[0.740s] writing manifest file '../../build/ros2_tutorial/ros2_tutorial.egg-info/SOURCES.txt'
[0.740s] running build
[0.740s] running build_py
[0.740s] copying ros2_tutorial/advance_breaking.py -> /home/srihari/mcav_ws/build/ros2_tutorial/build/lib/ros2_tutorial
[0.741s] running install
[0.742s] running install_lib
[0.742s] copying /home/srihari/mcav_ws/build/ros2_tutorial/build/lib/ros2_tutorial/advance_breaking.py -> /home/srihari/mcav_ws/install/ros2_tutorial/lib/python3.8/site-packages/ros2_tutorial
[0.743s] byte-compiling /home/srihari/mcav_ws/install/ros2_tutorial/lib/python3.8/site-packages/ros2_tutorial/advance_breaking.py to advance_breaking.cpython-38.pyc
[0.744s] running install_data
[0.744s] running install_egg_info
[0.745s] removing '/home/srihari/mcav_ws/install/ros2_tutorial/lib/python3.8/site-packages/ros2_tutorial-0.0.0-py3.8.egg-info' (and everything under it)
[0.745s] Copying ../../build/ros2_tutorial/ros2_tutorial.egg-info to /home/srihari/mcav_ws/install/ros2_tutorial/lib/python3.8/site-packages/ros2_tutorial-0.0.0-py3.8.egg-info
[0.746s] running install_scripts
[0.761s] Installing advance_breaking script to /home/srihari/mcav_ws/install/ros2_tutorial/lib/ros2_tutorial
[0.761s] Installing control_node script to /home/srihari/mcav_ws/install/ros2_tutorial/lib/ros2_tutorial
[0.761s] Installing sense script to /home/srihari/mcav_ws/install/ros2_tutorial/lib/ros2_tutorial
[0.762s] writing list of installed files to '/home/srihari/mcav_ws/build/ros2_tutorial/install.log'
[0.785s] Invoked command in '/home/srihari/mcav_ws/src/ros2_tutorial' returned '0': PYTHONPATH=/home/srihari/mcav_ws/build/ros2_tutorial/prefix_override:/home/srihari/mcav_ws/install/ros2_tutorial/lib/python3.8/site-packages:${PYTHONPATH} /usr/bin/python3 setup.py egg_info --egg-base ../../build/ros2_tutorial build --build-base /home/srihari/mcav_ws/build/ros2_tutorial/build install --record /home/srihari/mcav_ws/build/ros2_tutorial/install.log --install-scripts $base/lib/ros2_tutorial --single-version-externally-managed
