running egg_info
creating ../../build/ros2_tutorial/ros2_tutorial.egg-info
writing ../../build/ros2_tutorial/ros2_tutorial.egg-info/PKG-INFO
writing dependency_links to ../../build/ros2_tutorial/ros2_tutorial.egg-info/dependency_links.txt
writing entry points to ../../build/ros2_tutorial/ros2_tutorial.egg-info/entry_points.txt
writing requirements to ../../build/ros2_tutorial/ros2_tutorial.egg-info/requires.txt
writing top-level names to ../../build/ros2_tutorial/ros2_tutorial.egg-info/top_level.txt
writing manifest file '../../build/ros2_tutorial/ros2_tutorial.egg-info/SOURCES.txt'
reading manifest file '../../build/ros2_tutorial/ros2_tutorial.egg-info/SOURCES.txt'
writing manifest file '../../build/ros2_tutorial/ros2_tutorial.egg-info/SOURCES.txt'
running build
running build_py
creating /home/srihari/mcav_ws/build/ros2_tutorial/build
creating /home/srihari/mcav_ws/build/ros2_tutorial/build/lib
creating /home/srihari/mcav_ws/build/ros2_tutorial/build/lib/ros2_tutorial
copying ros2_tutorial/__init__.py -> /home/srihari/mcav_ws/build/ros2_tutorial/build/lib/ros2_tutorial
copying ros2_tutorial/control_node.py -> /home/srihari/mcav_ws/build/ros2_tutorial/build/lib/ros2_tutorial
running install
running install_lib
creating /home/srihari/mcav_ws/install/ros2_tutorial/lib/python3.8/site-packages/ros2_tutorial
copying /home/srihari/mcav_ws/build/ros2_tutorial/build/lib/ros2_tutorial/__init__.py -> /home/srihari/mcav_ws/install/ros2_tutorial/lib/python3.8/site-packages/ros2_tutorial
copying /home/srihari/mcav_ws/build/ros2_tutorial/build/lib/ros2_tutorial/control_node.py -> /home/srihari/mcav_ws/install/ros2_tutorial/lib/python3.8/site-packages/ros2_tutorial
byte-compiling /home/srihari/mcav_ws/install/ros2_tutorial/lib/python3.8/site-packages/ros2_tutorial/__init__.py to __init__.cpython-38.pyc
byte-compiling /home/srihari/mcav_ws/install/ros2_tutorial/lib/python3.8/site-packages/ros2_tutorial/control_node.py to control_node.cpython-38.pyc
running install_data
creating /home/srihari/mcav_ws/install/ros2_tutorial/share/ament_index
creating /home/srihari/mcav_ws/install/ros2_tutorial/share/ament_index/resource_index
creating /home/srihari/mcav_ws/install/ros2_tutorial/share/ament_index/resource_index/packages
copying resource/ros2_tutorial -> /home/srihari/mcav_ws/install/ros2_tutorial/share/ament_index/resource_index/packages
copying package.xml -> /home/srihari/mcav_ws/install/ros2_tutorial/share/ros2_tutorial
running install_egg_info
Copying ../../build/ros2_tutorial/ros2_tutorial.egg-info to /home/srihari/mcav_ws/install/ros2_tutorial/lib/python3.8/site-packages/ros2_tutorial-0.0.0-py3.8.egg-info
running install_scripts
Installing control_node script to /home/srihari/mcav_ws/install/ros2_tutorial/lib/ros2_tutorial
writing list of installed files to '/home/srihari/mcav_ws/build/ros2_tutorial/install.log'
