[0.390s] Invoking command in '/home/srihari/mcav_ws/src/ros2_tutorial': PYTHONPATH=/home/srihari/mcav_ws/build/ros2_tutorial/prefix_override:/home/srihari/mcav_ws/install/ros2_tutorial/lib/python3.8/site-packages:${PYTHONPATH} /usr/bin/python3 setup.py egg_info --egg-base ../../build/ros2_tutorial build --build-base /home/srihari/mcav_ws/build/ros2_tutorial/build install --record /home/srihari/mcav_ws/build/ros2_tutorial/install.log --install-scripts $base/lib/ros2_tutorial --single-version-externally-managed
[0.514s] running egg_info
[0.514s] creating ../../build/ros2_tutorial/ros2_tutorial.egg-info
[0.514s] writing ../../build/ros2_tutorial/ros2_tutorial.egg-info/PKG-INFO
[0.514s] writing dependency_links to ../../build/ros2_tutorial/ros2_tutorial.egg-info/dependency_links.txt
[0.514s] writing entry points to ../../build/ros2_tutorial/ros2_tutorial.egg-info/entry_points.txt
[0.514s] writing requirements to ../../build/ros2_tutorial/ros2_tutorial.egg-info/requires.txt
[0.514s] writing top-level names to ../../build/ros2_tutorial/ros2_tutorial.egg-info/top_level.txt
[0.515s] writing manifest file '../../build/ros2_tutorial/ros2_tutorial.egg-info/SOURCES.txt'
[0.535s] reading manifest file '../../build/ros2_tutorial/ros2_tutorial.egg-info/SOURCES.txt'
[0.536s] writing manifest file '../../build/ros2_tutorial/ros2_tutorial.egg-info/SOURCES.txt'
[0.536s] running build
[0.536s] running build_py
[0.536s] creating /home/srihari/mcav_ws/build/ros2_tutorial/build
[0.536s] creating /home/srihari/mcav_ws/build/ros2_tutorial/build/lib
[0.536s] creating /home/srihari/mcav_ws/build/ros2_tutorial/build/lib/ros2_tutorial
[0.536s] copying ros2_tutorial/__init__.py -> /home/srihari/mcav_ws/build/ros2_tutorial/build/lib/ros2_tutorial
[0.536s] copying ros2_tutorial/control_node.py -> /home/srihari/mcav_ws/build/ros2_tutorial/build/lib/ros2_tutorial
[0.536s] running install
[0.536s] running install_lib
[0.537s] creating /home/srihari/mcav_ws/install/ros2_tutorial/lib/python3.8/site-packages/ros2_tutorial
[0.537s] copying /home/srihari/mcav_ws/build/ros2_tutorial/build/lib/ros2_tutorial/__init__.py -> /home/srihari/mcav_ws/install/ros2_tutorial/lib/python3.8/site-packages/ros2_tutorial
[0.537s] copying /home/srihari/mcav_ws/build/ros2_tutorial/build/lib/ros2_tutorial/control_node.py -> /home/srihari/mcav_ws/install/ros2_tutorial/lib/python3.8/site-packages/ros2_tutorial
[0.537s] byte-compiling /home/srihari/mcav_ws/install/ros2_tutorial/lib/python3.8/site-packages/ros2_tutorial/__init__.py to __init__.cpython-38.pyc
[0.538s] byte-compiling /home/srihari/mcav_ws/install/ros2_tutorial/lib/python3.8/site-packages/ros2_tutorial/control_node.py to control_node.cpython-38.pyc
[0.538s] running install_data
[0.539s] creating /home/srihari/mcav_ws/install/ros2_tutorial/share/ament_index
[0.539s] creating /home/srihari/mcav_ws/install/ros2_tutorial/share/ament_index/resource_index
[0.539s] creating /home/srihari/mcav_ws/install/ros2_tutorial/share/ament_index/resource_index/packages
[0.539s] copying resource/ros2_tutorial -> /home/srihari/mcav_ws/install/ros2_tutorial/share/ament_index/resource_index/packages
[0.539s] copying package.xml -> /home/srihari/mcav_ws/install/ros2_tutorial/share/ros2_tutorial
[0.539s] running install_egg_info
[0.540s] Copying ../../build/ros2_tutorial/ros2_tutorial.egg-info to /home/srihari/mcav_ws/install/ros2_tutorial/lib/python3.8/site-packages/ros2_tutorial-0.0.0-py3.8.egg-info
[0.540s] running install_scripts
[0.550s] Installing control_node script to /home/srihari/mcav_ws/install/ros2_tutorial/lib/ros2_tutorial
[0.550s] writing list of installed files to '/home/srihari/mcav_ws/build/ros2_tutorial/install.log'
[0.564s] Invoked command in '/home/srihari/mcav_ws/src/ros2_tutorial' returned '0': PYTHONPATH=/home/srihari/mcav_ws/build/ros2_tutorial/prefix_override:/home/srihari/mcav_ws/install/ros2_tutorial/lib/python3.8/site-packages:${PYTHONPATH} /usr/bin/python3 setup.py egg_info --egg-base ../../build/ros2_tutorial build --build-base /home/srihari/mcav_ws/build/ros2_tutorial/build install --record /home/srihari/mcav_ws/build/ros2_tutorial/install.log --install-scripts $base/lib/ros2_tutorial --single-version-externally-managed
