[0.807s] Invoking command in '/home/srihari/mcav_ws/src/ros2_tutorial': PYTHONPATH=/home/srihari/mcav_ws/build/ros2_tutorial/prefix_override:/home/srihari/mcav_ws/install/ros2_tutorial/lib/python3.8/site-packages:${PYTHONPATH} /usr/bin/python3 setup.py egg_info --egg-base ../../build/ros2_tutorial build --build-base /home/srihari/mcav_ws/build/ros2_tutorial/build install --record /home/srihari/mcav_ws/build/ros2_tutorial/install.log --install-scripts $base/lib/ros2_tutorial --single-version-externally-managed
[1.049s] running egg_info
[1.049s] writing ../../build/ros2_tutorial/ros2_tutorial.egg-info/PKG-INFO
[1.050s] writing dependency_links to ../../build/ros2_tutorial/ros2_tutorial.egg-info/dependency_links.txt
[1.050s] writing entry points to ../../build/ros2_tutorial/ros2_tutorial.egg-info/entry_points.txt
[1.051s] writing requirements to ../../build/ros2_tutorial/ros2_tutorial.egg-info/requires.txt
[1.051s] writing top-level names to ../../build/ros2_tutorial/ros2_tutorial.egg-info/top_level.txt
[1.088s] reading manifest file '../../build/ros2_tutorial/ros2_tutorial.egg-info/SOURCES.txt'
[1.089s] writing manifest file '../../build/ros2_tutorial/ros2_tutorial.egg-info/SOURCES.txt'
[1.089s] running build
[1.090s] running build_py
[1.090s] copying ros2_tutorial/control_node.py -> /home/srihari/mcav_ws/build/ros2_tutorial/build/lib/ros2_tutorial
[1.090s] copying ros2_tutorial/sense.py -> /home/srihari/mcav_ws/build/ros2_tutorial/build/lib/ros2_tutorial
[1.090s] running install
[1.092s] running install_lib
[1.093s] copying /home/srihari/mcav_ws/build/ros2_tutorial/build/lib/ros2_tutorial/control_node.py -> /home/srihari/mcav_ws/install/ros2_tutorial/lib/python3.8/site-packages/ros2_tutorial
[1.094s] copying /home/srihari/mcav_ws/build/ros2_tutorial/build/lib/ros2_tutorial/sense.py -> /home/srihari/mcav_ws/install/ros2_tutorial/lib/python3.8/site-packages/ros2_tutorial
[1.095s] byte-compiling /home/srihari/mcav_ws/install/ros2_tutorial/lib/python3.8/site-packages/ros2_tutorial/control_node.py to control_node.cpython-38.pyc
[1.096s] byte-compiling /home/srihari/mcav_ws/install/ros2_tutorial/lib/python3.8/site-packages/ros2_tutorial/sense.py to sense.cpython-38.pyc
[1.097s] running install_data
[1.097s] running install_egg_info
[1.098s] removing '/home/srihari/mcav_ws/install/ros2_tutorial/lib/python3.8/site-packages/ros2_tutorial-0.0.0-py3.8.egg-info' (and everything under it)
[1.099s] Copying ../../build/ros2_tutorial/ros2_tutorial.egg-info to /home/srihari/mcav_ws/install/ros2_tutorial/lib/python3.8/site-packages/ros2_tutorial-0.0.0-py3.8.egg-info
[1.099s] running install_scripts
[1.126s] Installing control_node script to /home/srihari/mcav_ws/install/ros2_tutorial/lib/ros2_tutorial
[1.126s] Installing sense script to /home/srihari/mcav_ws/install/ros2_tutorial/lib/ros2_tutorial
[1.126s] writing list of installed files to '/home/srihari/mcav_ws/build/ros2_tutorial/install.log'
[1.173s] Invoked command in '/home/srihari/mcav_ws/src/ros2_tutorial' returned '0': PYTHONPATH=/home/srihari/mcav_ws/build/ros2_tutorial/prefix_override:/home/srihari/mcav_ws/install/ros2_tutorial/lib/python3.8/site-packages:${PYTHONPATH} /usr/bin/python3 setup.py egg_info --egg-base ../../build/ros2_tutorial build --build-base /home/srihari/mcav_ws/build/ros2_tutorial/build install --record /home/srihari/mcav_ws/build/ros2_tutorial/install.log --install-scripts $base/lib/ros2_tutorial --single-version-externally-managed
